# JRE version: Java(TM) SE Runtime Environment (19.0.1+10) (build 19.0.1+10-21)
# Java VM: Java HotSpot(TM) 64-Bit Server VM (19.0.1+10-21, mixed mode, emulated-client, sharing, tiered, compressed oops, compressed class ptrs, g1 gc, bsd-aarch64)
GC Precious Log:
 CardTable entry size: 512
 Card Set container configuration: InlinePtr #cards 4 size 8 Array Of Cards #cards 16 size 48 Howl #buckets 8 coarsen threshold 3686 Howl Bitmap #cards 512 size 80 coarsen threshold 460 Card regions per heap region 1 cards per card region 4096
 CPUs: 8 total, 8 available
 Memory: 16384M
 Large Page Support: Disabled
 NUMA Support: Disabled
 Compressed Oops: Enabled (Zero based)
 Heap Region Size: 2M
 Heap Min Capacity: 8M
 Heap Initial Capacity: 256M
 Heap Max Capacity: 4G
 Pre-touch: Disabled
 Parallel Workers: 8
 Concurrent Workers: 2
 Concurrent Refinement Workers: 8
 Periodic GC: Disabled
Heap:
 garbage-first heap   total 112640K, used 42297K [0x0000000700000000, 0x0000000800000000)
  region size 2048K, 6 young (12288K), 2 survivors (4096K)
 Metaspace       used 54634K, committed 55296K, reserved 1114112K
  class space    used 7223K, committed 7552K, reserved 1048576K
GC Heap History (20 events):
Event: 1.519 GC heap before
{Heap before GC invocations=3 (full 0):
 garbage-first heap   total 266240K, used 14924K [0x0000000700000000, 0x0000000800000000)
  region size 2048K, 5 young (10240K), 4 survivors (8192K)
 Metaspace       used 21194K, committed 21504K, reserved 1114112K
  class space    used 2687K, committed 2816K, reserved 1048576K
}
Event: 1.523 GC heap after
{Heap after GC invocations=4 (full 0):
 garbage-first heap   total 266240K, used 15505K [0x0000000700000000, 0x0000000800000000)
  region size 2048K, 4 young (8192K), 4 survivors (8192K)
 Metaspace       used 21194K, committed 21504K, reserved 1114112K
  class space    used 2687K, committed 2816K, reserved 1048576K
}
Event: 1.998 GC heap before
{Heap before GC invocations=5 (full 0):
 garbage-first heap   total 75776K, used 72849K [0x0000000700000000, 0x0000000800000000)
  region size 2048K, 32 young (65536K), 4 survivors (8192K)
 Metaspace       used 29576K, committed 30016K, reserved 1114112K
  class space    used 3789K, committed 4032K, reserved 1048576K
}
Event: 2.004 GC heap after
{Heap after GC invocations=6 (full 0):
 garbage-first heap   total 88064K, used 19586K [0x0000000700000000, 0x0000000800000000)
  region size 2048K, 6 young (12288K), 6 survivors (12288K)
 Metaspace       used 29576K, committed 30016K, reserved 1114112K
  class space    used 3789K, committed 4032K, reserved 1048576K
}
Event: 2.229 GC heap before
{Heap before GC invocations=6 (full 0):
 garbage-first heap   total 88064K, used 42114K [0x0000000700000000, 0x0000000800000000)
  region size 2048K, 18 young (36864K), 6 survivors (12288K)
 Metaspace       used 35649K, committed 36096K, reserved 1114112K
  class space    used 4639K, committed 4864K, reserved 1048576K
}
Event: 2.234 GC heap after
{Heap after GC invocations=7 (full 0):
 garbage-first heap   total 88064K, used 21332K [0x0000000700000000, 0x0000000800000000)
  region size 2048K, 2 young (4096K), 2 survivors (4096K)
 Metaspace       used 35649K, committed 36096K, reserved 1114112K
  class space    used 4639K, committed 4864K, reserved 1048576K
}
Event: 2.608 GC heap before
{Heap before GC invocations=8 (full 0):
 garbage-first heap   total 88064K, used 60244K [0x0000000700000000, 0x0000000800000000)
  region size 2048K, 22 young (45056K), 2 survivors (4096K)
 Metaspace       used 43678K, committed 44096K, reserved 1114112K
  class space    used 5781K, committed 5952K, reserved 1048576K
}
Event: 2.610 GC heap after
{Heap after GC invocations=9 (full 0):
 garbage-first heap   total 88064K, used 23040K [0x0000000700000000, 0x0000000800000000)
  region size 2048K, 2 young (4096K), 2 survivors (4096K)
 Metaspace       used 43678K, committed 44096K, reserved 1114112K
  class space    used 5781K, committed 5952K, reserved 1048576K
}
Event: 2.927 GC heap before
{Heap before GC invocations=9 (full 0):
 garbage-first heap   total 88064K, used 64000K [0x0000000700000000, 0x0000000800000000)
  region size 2048K, 22 young (45056K), 2 survivors (4096K)
 Metaspace       used 48775K, committed 49344K, reserved 1114112K
  class space    used 6501K, committed 6784K, reserved 1048576K
}
Event: 2.930 GC heap after
{Heap after GC invocations=10 (full 0):
 garbage-first heap   total 88064K, used 26409K [0x0000000700000000, 0x0000000800000000)
  region size 2048K, 3 young (6144K), 3 survivors (6144K)
 Metaspace       used 48775K, committed 49344K, reserved 1114112K
  class space    used 6501K, committed 6784K, reserved 1048576K
}
Event: 3.058 GC heap before
{Heap before GC invocations=10 (full 0):
 garbage-first heap   total 88064K, used 63273K [0x0000000700000000, 0x0000000800000000)
  region size 2048K, 22 young (45056K), 3 survivors (6144K)
 Metaspace       used 50589K, committed 51136K, reserved 1114112K
  class space    used 6711K, committed 6976K, reserved 1048576K
}
Event: 3.063 GC heap after
{Heap after GC invocations=11 (full 0):
 garbage-first heap   total 88064K, used 33047K [0x0000000700000000, 0x0000000800000000)
  region size 2048K, 3 young (6144K), 3 survivors (6144K)
 Metaspace       used 50589K, committed 51136K, reserved 1114112K
  class space    used 6711K, committed 6976K, reserved 1048576K
}
Event: 3.110 GC heap before
{Heap before GC invocations=11 (full 0):
 garbage-first heap   total 88064K, used 59671K [0x0000000700000000, 0x0000000800000000)
  region size 2048K, 17 young (34816K), 3 survivors (6144K)
 Metaspace       used 50698K, committed 51264K, reserved 1114112K
  class space    used 6725K, committed 6976K, reserved 1048576K
}
Event: 3.113 GC heap after
{Heap after GC invocations=12 (full 0):
 garbage-first heap   total 88064K, used 37344K [0x0000000700000000, 0x0000000800000000)
  region size 2048K, 3 young (6144K), 3 survivors (6144K)
 Metaspace       used 50698K, committed 51264K, reserved 1114112K
  class space    used 6725K, committed 6976K, reserved 1048576K
}
Event: 3.144 GC heap before
{Heap before GC invocations=12 (full 0):
 garbage-first heap   total 88064K, used 59872K [0x0000000700000000, 0x0000000800000000)
  region size 2048K, 14 young (28672K), 3 survivors (6144K)
 Metaspace       used 50716K, committed 51264K, reserved 1114112K
  class space    used 6730K, committed 6976K, reserved 1048576K
}
Event: 3.146 GC heap after
{Heap after GC invocations=13 (full 0):
 garbage-first heap   total 112640K, used 37340K [0x0000000700000000, 0x0000000800000000)
  region size 2048K, 2 young (4096K), 2 survivors (4096K)
 Metaspace       used 50716K, committed 51264K, reserved 1114112K
  class space    used 6730K, committed 6976K, reserved 1048576K
}
Event: 3.176 GC heap before
{Heap before GC invocations=13 (full 0):
 garbage-first heap   total 112640K, used 78300K [0x0000000700000000, 0x0000000800000000)
  region size 2048K, 23 young (47104K), 2 survivors (4096K)
 Metaspace       used 50720K, committed 51264K, reserved 1114112K
  class space    used 6731K, committed 6976K, reserved 1048576K
}
Event: 3.177 GC heap after
{Heap after GC invocations=14 (full 0):
 garbage-first heap   total 112640K, used 37873K [0x0000000700000000, 0x0000000800000000)
  region size 2048K, 3 young (6144K), 3 survivors (6144K)
 Metaspace       used 50720K, committed 51264K, reserved 1114112K
  class space    used 6731K, committed 6976K, reserved 1048576K
}
Event: 6.011 GC heap before
{Heap before GC invocations=14 (full 0):
 garbage-first heap   total 112640K, used 80881K [0x0000000700000000, 0x0000000800000000)
  region size 2048K, 24 young (49152K), 3 survivors (6144K)
 Metaspace       used 53566K, committed 54272K, reserved 1114112K
  class space    used 7096K, committed 7424K, reserved 1048576K
}
Event: 6.014 GC heap after
{Heap after GC invocations=15 (full 0):
 garbage-first heap   total 112640K, used 36153K [0x0000000700000000, 0x0000000800000000)
  region size 2048K, 2 young (4096K), 2 survivors (4096K)
 Metaspace       used 53566K, committed 54272K, reserved 1114112K
  class space    used 7096K, committed 7424K, reserved 1048576K
}

